objc[54548]: Class AXEmojiUtilities is implemented in both /Applications/Xcode.app/Contents/Developer/Platforms/iPhoneSimulator.platform/Developer/SDKs/iPhoneSimulator7.0.sdk/System/Library/PrivateFrameworks/AccessibilityUtilities.framework/AccessibilityUtilities and /Applications/Xcode.app/Contents/Developer/Platforms/iPhoneSimulator.platform/Developer/SDKs/iPhoneSimulator7.0.sdk/usr/lib/libAXSpeechManager.dylib. One of the two will be used. Which one is undefined.
2013-12-09 14:44:06.439 Encryptr[54548:80b] Cannot find executable for CFBundle 0xb731510 </Applications/Xcode.app/Contents/Developer/Platforms/iPhoneSimulator.platform/Developer/SDKs/iPhoneSimulator7.0.sdk/System/Library/AccessibilityBundles/GeoServices.axbundle> (not loaded)
2013-12-09 14:44:06.442 Encryptr[54548:80b] Cannot find executable for CFBundle 0xb62aaf0 </Applications/Xcode.app/Contents/Developer/Platforms/iPhoneSimulator.platform/Developer/SDKs/iPhoneSimulator7.0.sdk/System/Library/AccessibilityBundles/MusicLibrary.axbundle> (not loaded)
2013-12-09 14:44:06.449 Encryptr[54548:80b] Cannot find executable for CFBundle 0xbf66270 </Applications/Xcode.app/Contents/Developer/Platforms/iPhoneSimulator.platform/Developer/SDKs/iPhoneSimulator7.0.sdk/System/Library/AccessibilityBundles/CertUIFramework.axbundle> (not loaded)
2013-12-09 14:44:06.512 Encryptr[54548:80b] Multi-tasking -> Device: YES, App: YES
2013-12-09 14:44:06.659 Encryptr[54548:80b] Resetting plugins due to page load.
2013-12-09 14:44:06.747 Encryptr[54548:80b] Finished load of: file:///Users/tommy/Library/Application%20Support/iPhone%20Simulator/7.0/Applications/EAC34C84-64E4-439C-BE61-381F3C81CBB3/Encryptr.app/www/index.html
objc[54793]: Class AXEmojiUtilities is implemented in both /Applications/Xcode.app/Contents/Developer/Platforms/iPhoneSimulator.platform/Developer/SDKs/iPhoneSimulator7.0.sdk/System/Library/PrivateFrameworks/AccessibilityUtilities.framework/AccessibilityUtilities and /Applications/Xcode.app/Contents/Developer/Platforms/iPhoneSimulator.platform/Developer/SDKs/iPhoneSimulator7.0.sdk/usr/lib/libAXSpeechManager.dylib. One of the two will be used. Which one is undefined.
2013-12-09 14:44:36.594 Encryptr[54793:80b] Cannot find executable for CFBundle 0xb68be30 </Applications/Xcode.app/Contents/Developer/Platforms/iPhoneSimulator.platform/Developer/SDKs/iPhoneSimulator7.0.sdk/System/Library/AccessibilityBundles/MusicLibrary.axbundle> (not loaded)
2013-12-09 14:44:36.605 Encryptr[54793:80b] Cannot find executable for CFBundle 0xb41fdb0 </Applications/Xcode.app/Contents/Developer/Platforms/iPhoneSimulator.platform/Developer/SDKs/iPhoneSimulator7.0.sdk/System/Library/AccessibilityBundles/GeoServices.axbundle> (not loaded)
2013-12-09 14:44:36.619 Encryptr[54793:80b] Cannot find executable for CFBundle 0xb44ada0 </Applications/Xcode.app/Contents/Developer/Platforms/iPhoneSimulator.platform/Developer/SDKs/iPhoneSimulator7.0.sdk/System/Library/AccessibilityBundles/CertUIFramework.axbundle> (not loaded)
2013-12-09 14:44:36.664 Encryptr[54793:80b] Multi-tasking -> Device: YES, App: YES
2013-12-09 14:44:36.757 Encryptr[54793:80b] Resetting plugins due to page load.
2013-12-09 14:44:36.853 Encryptr[54793:80b] Finished load of: file:///Users/tommy/Library/Application%20Support/iPhone%20Simulator/7.0/Applications/EAC34C84-64E4-439C-BE61-381F3C81CBB3/Encryptr.app/www/index.html
objc[55036]: Class AXEmojiUtilities is implemented in both /Applications/Xcode.app/Contents/Developer/Platforms/iPhoneSimulator.platform/Developer/SDKs/iPhoneSimulator7.0.sdk/System/Library/PrivateFrameworks/AccessibilityUtilities.framework/AccessibilityUtilities and /Applications/Xcode.app/Contents/Developer/Platforms/iPhoneSimulator.platform/Developer/SDKs/iPhoneSimulator7.0.sdk/usr/lib/libAXSpeechManager.dylib. One of the two will be used. Which one is undefined.
2013-12-09 14:45:21.910 Encryptr[55036:80b] Cannot find executable for CFBundle 0xb574460 </Applications/Xcode.app/Contents/Developer/Platforms/iPhoneSimulator.platform/Developer/SDKs/iPhoneSimulator7.0.sdk/System/Library/AccessibilityBundles/GeoServices.axbundle> (not loaded)
2013-12-09 14:45:21.921 Encryptr[55036:80b] Cannot find executable for CFBundle 0xb5a2aa0 </Applications/Xcode.app/Contents/Developer/Platforms/iPhoneSimulator.platform/Developer/SDKs/iPhoneSimulator7.0.sdk/System/Library/AccessibilityBundles/CertUIFramework.axbundle> (not loaded)
2013-12-09 14:45:21.925 Encryptr[55036:80b] Cannot find executable for CFBundle 0xb5b45a0 </Applications/Xcode.app/Contents/Developer/Platforms/iPhoneSimulator.platform/Developer/SDKs/iPhoneSimulator7.0.sdk/System/Library/AccessibilityBundles/MusicLibrary.axbundle> (not loaded)
2013-12-09 14:45:21.982 Encryptr[55036:80b] Multi-tasking -> Device: YES, App: YES
2013-12-09 14:45:22.105 Encryptr[55036:80b] Resetting plugins due to page load.
2013-12-09 14:45:22.201 Encryptr[55036:80b] Finished load of: file:///Users/tommy/Library/Application%20Support/iPhone%20Simulator/7.0/Applications/EAC34C84-64E4-439C-BE61-381F3C81CBB3/Encryptr.app/www/index.html
2013-12-09 14:53:49.987 Encryptr[55036:3f0b] CFNetwork SSLHandshake failed (-9807)
Terminating in response to SpringBoard's termination.
